2016-03-04 20:57:25,265 [Worker-15] INFO  c.g.t.t.d.PublishedGradleVersions - Gradle version information cache file is not available. Remote download required.
2016-03-04 23:15:59,722 [main] INFO  c.g.t.t.d.PublishedGradleVersions - Gradle version information cache file is not out-of-date. No remote download required.
2016-03-05 10:52:08,068 [Worker-18] INFO  c.g.t.t.d.PublishedGradleVersions - Gradle version information cache file is not out-of-date. No remote download required.
2016-03-06 10:27:18,008 [Worker-25] INFO  c.g.t.t.d.PublishedGradleVersions - Gradle version information cache file is out-of-date. Remote download required.
2016-03-09 17:03:55,936 [main] INFO  c.g.t.t.d.PublishedGradleVersions - Gradle version information cache file is out-of-date. Remote download required.
2016-03-10 12:45:32,615 [main] INFO  c.g.t.t.d.PublishedGradleVersions - Gradle version information cache file is not out-of-date. No remote download required.
2016-03-11 10:24:43,349 [main] INFO  c.g.t.t.d.PublishedGradleVersions - Gradle version information cache file is out-of-date. Remote download required.
2016-03-13 12:55:38,322 [main] INFO  c.g.t.t.d.PublishedGradleVersions - Gradle version information cache file is out-of-date. Remote download required.
2016-03-15 12:49:47,103 [Worker-16] INFO  c.g.t.t.d.PublishedGradleVersions - Gradle version information cache file is out-of-date. Remote download required.
2016-03-16 16:30:22,671 [Worker-21] INFO  c.g.t.t.d.PublishedGradleVersions - Gradle version information cache file is out-of-date. Remote download required.
2016-03-21 14:02:52,592 [main] INFO  c.g.t.t.d.PublishedGradleVersions - Gradle version information cache file is out-of-date. Remote download required.
2016-03-22 11:06:43,540 [Worker-31] INFO  c.g.t.t.d.PublishedGradleVersions - Gradle version information cache file is not out-of-date. No remote download required.
2016-03-24 01:29:09,524 [Worker-13] INFO  c.g.t.t.d.PublishedGradleVersions - Gradle version information cache file is out-of-date. Remote download required.
2016-03-24 01:29:10,096 [Worker-13] ERROR c.g.t.t.d.PublishedGradleVersions - Cannot download published Gradle versions.
java.net.UnknownHostException: services.gradle.org
	at java.net.AbstractPlainSocketImpl.connect(Unknown Source) ~[na:1.8.0_73]
	at java.net.PlainSocketImpl.connect(Unknown Source) ~[na:1.8.0_73]
	at java.net.SocksSocketImpl.connect(Unknown Source) ~[na:1.8.0_73]
	at java.net.Socket.connect(Unknown Source) ~[na:1.8.0_73]
	at sun.security.ssl.SSLSocketImpl.connect(Unknown Source) ~[na:1.8.0_73]
	at sun.security.ssl.BaseSSLSocketImpl.connect(Unknown Source) ~[na:1.8.0_73]
	at sun.net.NetworkClient.doConnect(Unknown Source) ~[na:1.8.0_73]
	at sun.net.www.http.HttpClient.openServer(Unknown Source) ~[na:1.8.0_73]
	at sun.net.www.http.HttpClient.openServer(Unknown Source) ~[na:1.8.0_73]
	at sun.net.www.protocol.https.HttpsClient.<init>(Unknown Source) ~[na:1.8.0_73]
	at sun.net.www.protocol.https.HttpsClient.New(Unknown Source) ~[na:1.8.0_73]
	at sun.net.www.protocol.https.AbstractDelegateHttpsURLConnection.getNewHttpClient(Unknown Source) ~[na:1.8.0_73]
	at sun.net.www.protocol.http.HttpURLConnection.plainConnect0(Unknown Source) ~[na:1.8.0_73]
	at sun.net.www.protocol.http.HttpURLConnection.plainConnect(Unknown Source) ~[na:1.8.0_73]
	at sun.net.www.protocol.https.AbstractDelegateHttpsURLConnection.connect(Unknown Source) ~[na:1.8.0_73]
	at sun.net.www.protocol.http.HttpURLConnection.getInputStream0(Unknown Source) ~[na:1.8.0_73]
	at sun.net.www.protocol.http.HttpURLConnection.getInputStream(Unknown Source) ~[na:1.8.0_73]
	at sun.net.www.protocol.https.HttpsURLConnectionImpl.getInputStream(Unknown Source) ~[na:1.8.0_73]
	at com.gradleware.tooling.toolingutils.distribution.PublishedGradleVersions.downloadVersionInformation(PublishedGradleVersions.java:167) [com.gradleware.tooling.utils_0.8.1.v201512100932.jar:na]
	at com.gradleware.tooling.toolingutils.distribution.PublishedGradleVersions.create(PublishedGradleVersions.java:134) [com.gradleware.tooling.utils_0.8.1.v201512100932.jar:na]
	at org.eclipse.buildship.core.util.gradle.PublishedGradleVersionsWrapper.create(PublishedGradleVersionsWrapper.java:40) [org.eclipse.buildship.core_1.0.8.v20160201-1803.jar:na]
	at org.eclipse.buildship.core.util.gradle.PublishedGradleVersionsWrapper.<init>(PublishedGradleVersionsWrapper.java:35) [org.eclipse.buildship.core_1.0.8.v20160201-1803.jar:na]
	at org.eclipse.buildship.core.CorePlugin.createPublishedGradleVersions(CorePlugin.java:167) [org.eclipse.buildship.core_1.0.8.v20160201-1803.jar:na]
	at org.eclipse.buildship.core.CorePlugin.registerServices(CorePlugin.java:140) [org.eclipse.buildship.core_1.0.8.v20160201-1803.jar:na]
	at org.eclipse.buildship.core.CorePlugin.start(CorePlugin.java:103) [org.eclipse.buildship.core_1.0.8.v20160201-1803.jar:na]
	at org.eclipse.osgi.internal.framework.BundleContextImpl$3.run(BundleContextImpl.java:771) [org.eclipse.osgi_3.10.102.v20160118-1700.jar:na]
	at org.eclipse.osgi.internal.framework.BundleContextImpl$3.run(BundleContextImpl.java:1) [org.eclipse.osgi_3.10.102.v20160118-1700.jar:na]
	at java.security.AccessController.doPrivileged(Native Method) [na:1.8.0_73]
	at org.eclipse.osgi.internal.framework.BundleContextImpl.startActivator(BundleContextImpl.java:764) [org.eclipse.osgi_3.10.102.v20160118-1700.jar:na]
	at org.eclipse.osgi.internal.framework.BundleContextImpl.start(BundleContextImpl.java:721) [org.eclipse.osgi_3.10.102.v20160118-1700.jar:na]
	at org.eclipse.osgi.internal.framework.EquinoxBundle.startWorker0(EquinoxBundle.java:941) [org.eclipse.osgi_3.10.102.v20160118-1700.jar:na]
	at org.eclipse.osgi.internal.framework.EquinoxBundle$EquinoxModule.startWorker(EquinoxBundle.java:318) [org.eclipse.osgi_3.10.102.v20160118-1700.jar:na]
	at org.eclipse.osgi.container.Module.doStart(Module.java:571) [org.eclipse.osgi_3.10.102.v20160118-1700.jar:na]
	at org.eclipse.osgi.container.Module.start(Module.java:439) [org.eclipse.osgi_3.10.102.v20160118-1700.jar:na]
	at org.eclipse.osgi.framework.util.SecureAction.start(SecureAction.java:454) [org.eclipse.osgi_3.10.102.v20160118-1700.jar:na]
	at org.eclipse.osgi.internal.hooks.EclipseLazyStarter.postFindLocalClass(EclipseLazyStarter.java:107) [org.eclipse.osgi_3.10.102.v20160118-1700.jar:na]
	at org.eclipse.osgi.internal.loader.classpath.ClasspathManager.findLocalClass(ClasspathManager.java:531) [org.eclipse.osgi_3.10.102.v20160118-1700.jar:na]
	at org.eclipse.osgi.internal.loader.ModuleClassLoader.findLocalClass(ModuleClassLoader.java:324) [org.eclipse.osgi_3.10.102.v20160118-1700.jar:na]
	at org.eclipse.osgi.internal.loader.BundleLoader.findLocalClass(BundleLoader.java:327) [org.eclipse.osgi_3.10.102.v20160118-1700.jar:na]
	at org.eclipse.osgi.internal.loader.sources.SingleSourcePackage.loadClass(SingleSourcePackage.java:36) [org.eclipse.osgi_3.10.102.v20160118-1700.jar:na]
	at org.eclipse.osgi.internal.loader.BundleLoader.findClassInternal(BundleLoader.java:398) [org.eclipse.osgi_3.10.102.v20160118-1700.jar:na]
	at org.eclipse.osgi.internal.loader.BundleLoader.findClass(BundleLoader.java:352) [org.eclipse.osgi_3.10.102.v20160118-1700.jar:na]
	at org.eclipse.osgi.internal.loader.BundleLoader.findClass(BundleLoader.java:344) [org.eclipse.osgi_3.10.102.v20160118-1700.jar:na]
	at org.eclipse.osgi.internal.loader.ModuleClassLoader.loadClass(ModuleClassLoader.java:160) [org.eclipse.osgi_3.10.102.v20160118-1700.jar:na]
	at java.lang.ClassLoader.loadClass(Unknown Source) [na:1.8.0_73]
	at java.lang.Class.getDeclaredConstructors0(Native Method) [na:1.8.0_73]
	at java.lang.Class.privateGetDeclaredConstructors(Unknown Source) [na:1.8.0_73]
	at java.lang.Class.getConstructor0(Unknown Source) [na:1.8.0_73]
	at java.lang.Class.newInstance(Unknown Source) [na:1.8.0_73]
	at org.eclipse.osgi.internal.framework.BundleContextImpl.loadBundleActivator(BundleContextImpl.java:755) [org.eclipse.osgi_3.10.102.v20160118-1700.jar:na]
	at org.eclipse.osgi.internal.framework.BundleContextImpl.start(BundleContextImpl.java:706) [org.eclipse.osgi_3.10.102.v20160118-1700.jar:na]
	at org.eclipse.osgi.internal.framework.EquinoxBundle.startWorker0(EquinoxBundle.java:941) [org.eclipse.osgi_3.10.102.v20160118-1700.jar:na]
	at org.eclipse.osgi.internal.framework.EquinoxBundle$EquinoxModule.startWorker(EquinoxBundle.java:318) [org.eclipse.osgi_3.10.102.v20160118-1700.jar:na]
	at org.eclipse.osgi.container.Module.doStart(Module.java:571) [org.eclipse.osgi_3.10.102.v20160118-1700.jar:na]
	at org.eclipse.osgi.container.Module.start(Module.java:439) [org.eclipse.osgi_3.10.102.v20160118-1700.jar:na]
	at org.eclipse.osgi.framework.util.SecureAction.start(SecureAction.java:454) [org.eclipse.osgi_3.10.102.v20160118-1700.jar:na]
	at org.eclipse.osgi.internal.hooks.EclipseLazyStarter.postFindLocalClass(EclipseLazyStarter.java:107) [org.eclipse.osgi_3.10.102.v20160118-1700.jar:na]
	at org.eclipse.osgi.internal.loader.classpath.ClasspathManager.findLocalClass(ClasspathManager.java:531) [org.eclipse.osgi_3.10.102.v20160118-1700.jar:na]
	at org.eclipse.osgi.internal.loader.ModuleClassLoader.findLocalClass(ModuleClassLoader.java:324) [org.eclipse.osgi_3.10.102.v20160118-1700.jar:na]
	at org.eclipse.osgi.internal.loader.BundleLoader.findLocalClass(BundleLoader.java:327) [org.eclipse.osgi_3.10.102.v20160118-1700.jar:na]
	at org.eclipse.osgi.internal.loader.BundleLoader.findClassInternal(BundleLoader.java:402) [org.eclipse.osgi_3.10.102.v20160118-1700.jar:na]
	at org.eclipse.osgi.internal.loader.BundleLoader.findClass(BundleLoader.java:352) [org.eclipse.osgi_3.10.102.v20160118-1700.jar:na]
	at org.eclipse.osgi.internal.loader.BundleLoader.findClass(BundleLoader.java:344) [org.eclipse.osgi_3.10.102.v20160118-1700.jar:na]
	at org.eclipse.osgi.internal.loader.ModuleClassLoader.loadClass(ModuleClassLoader.java:160) [org.eclipse.osgi_3.10.102.v20160118-1700.jar:na]
	at java.lang.ClassLoader.loadClass(Unknown Source) [na:1.8.0_73]
	at org.eclipse.osgi.internal.framework.EquinoxBundle.loadClass(EquinoxBundle.java:573) [org.eclipse.osgi_3.10.102.v20160118-1700.jar:na]
	at org.eclipse.core.internal.registry.osgi.RegistryStrategyOSGI.createExecutableExtension(RegistryStrategyOSGI.java:174) [org.eclipse.equinox.registry_3.6.0.v20150318-1503.jar:na]
	at org.eclipse.core.internal.registry.ExtensionRegistry.createExecutableExtension(ExtensionRegistry.java:905) [org.eclipse.equinox.registry_3.6.0.v20150318-1503.jar:na]
	at org.eclipse.core.internal.registry.ConfigurationElement.createExecutableExtension(ConfigurationElement.java:243) [org.eclipse.equinox.registry_3.6.0.v20150318-1503.jar:na]
	at org.eclipse.core.internal.registry.ConfigurationElementHandle.createExecutableExtension(ConfigurationElementHandle.java:55) [org.eclipse.equinox.registry_3.6.0.v20150318-1503.jar:na]
	at org.eclipse.core.internal.expressions.PropertyTesterDescriptor.instantiate(PropertyTesterDescriptor.java:96) [org.eclipse.core.expressions_3.5.0.v20150421-2214.jar:na]
	at org.eclipse.core.internal.expressions.TypeExtension.findTypeExtender(TypeExtension.java:97) [org.eclipse.core.expressions_3.5.0.v20150421-2214.jar:na]
	at org.eclipse.core.internal.expressions.TypeExtension.findTypeExtender(TypeExtension.java:130) [org.eclipse.core.expressions_3.5.0.v20150421-2214.jar:na]
	at org.eclipse.core.internal.expressions.TypeExtension.findTypeExtender(TypeExtension.java:130) [org.eclipse.core.expressions_3.5.0.v20150421-2214.jar:na]
	at org.eclipse.core.internal.expressions.TypeExtension.findTypeExtender(TypeExtension.java:130) [org.eclipse.core.expressions_3.5.0.v20150421-2214.jar:na]
	at org.eclipse.core.internal.expressions.TypeExtensionManager.getProperty(TypeExtensionManager.java:119) [org.eclipse.core.expressions_3.5.0.v20150421-2214.jar:na]
	at org.eclipse.core.internal.expressions.TestExpression.evaluate(TestExpression.java:97) [org.eclipse.core.expressions_3.5.0.v20150421-2214.jar:na]
	at org.eclipse.core.internal.expressions.CompositeExpression.evaluateAnd(CompositeExpression.java:53) [org.eclipse.core.expressions_3.5.0.v20150421-2214.jar:na]
	at org.eclipse.core.internal.expressions.WithExpression.evaluate(WithExpression.java:75) [org.eclipse.core.expressions_3.5.0.v20150421-2214.jar:na]
	at org.eclipse.core.internal.expressions.CompositeExpression.evaluateAnd(CompositeExpression.java:53) [org.eclipse.core.expressions_3.5.0.v20150421-2214.jar:na]
	at org.eclipse.core.internal.expressions.EnablementExpression.evaluate(EnablementExpression.java:55) [org.eclipse.core.expressions_3.5.0.v20150421-2214.jar:na]
	at org.eclipse.debug.internal.ui.launchConfigurations.LaunchShortcutExtension.evalEnablementExpression(LaunchShortcutExtension.java:281) [org.eclipse.debug.ui_3.11.101.v20160203-1230.jar:na]
	at org.eclipse.debug.internal.ui.contextlaunching.LaunchingResourceManager.getShortcutsForSelection(LaunchingResourceManager.java:455) [org.eclipse.debug.ui_3.11.101.v20160203-1230.jar:na]
	at org.eclipse.debug.internal.ui.contextlaunching.LaunchingResourceManager.computeLabels(LaunchingResourceManager.java:240) [org.eclipse.debug.ui_3.11.101.v20160203-1230.jar:na]
	at org.eclipse.debug.internal.ui.contextlaunching.LaunchingResourceManager$1$1.run(LaunchingResourceManager.java:142) [org.eclipse.debug.ui_3.11.101.v20160203-1230.jar:na]
	at org.eclipse.core.internal.jobs.Worker.run(Worker.java:55) [org.eclipse.core.jobs_3.7.0.v20150330-2103.jar:na]
2016-03-24 01:55:53,112 [Worker-14] INFO  c.g.t.t.d.PublishedGradleVersions - Gradle version information cache file is out-of-date. Remote download required.
2016-03-24 11:27:54,598 [Worker-5] INFO  c.g.t.t.d.PublishedGradleVersions - Gradle version information cache file is not out-of-date. No remote download required.
2016-03-25 17:11:11,649 [Worker-17] INFO  c.g.t.t.d.PublishedGradleVersions - Gradle version information cache file is out-of-date. Remote download required.
2016-03-25 19:16:52,671 [Worker-16] INFO  c.g.t.t.d.PublishedGradleVersions - Gradle version information cache file is not out-of-date. No remote download required.
2016-03-26 01:05:16,908 [Worker-2] INFO  c.g.t.t.d.PublishedGradleVersions - Gradle version information cache file is not out-of-date. No remote download required.
2016-03-26 14:42:40,327 [Worker-2] INFO  c.g.t.t.d.PublishedGradleVersions - Gradle version information cache file is not out-of-date. No remote download required.
2016-03-27 16:54:48,465 [Worker-7] INFO  c.g.t.t.d.PublishedGradleVersions - Gradle version information cache file is out-of-date. Remote download required.
2016-03-27 17:13:51,321 [Worker-10] INFO  c.g.t.t.d.PublishedGradleVersions - Gradle version information cache file is not out-of-date. No remote download required.
2016-03-27 19:47:42,709 [Worker-0] INFO  c.g.t.t.d.PublishedGradleVersions - Gradle version information cache file is not out-of-date. No remote download required.
2016-03-27 20:47:06,357 [Worker-25] INFO  c.g.t.t.d.PublishedGradleVersions - Gradle version information cache file is not out-of-date. No remote download required.
2016-03-29 06:59:35,364 [Worker-1] INFO  c.g.t.t.d.PublishedGradleVersions - Gradle version information cache file is out-of-date. Remote download required.
2016-03-29 07:35:33,767 [Worker-25] INFO  c.g.t.t.d.PublishedGradleVersions - Gradle version information cache file is not out-of-date. No remote download required.
2016-03-29 08:05:07,557 [Worker-2] INFO  c.g.t.t.d.PublishedGradleVersions - Gradle version information cache file is not out-of-date. No remote download required.
2016-03-29 13:04:35,933 [Worker-20] INFO  c.g.t.t.d.PublishedGradleVersions - Gradle version information cache file is not out-of-date. No remote download required.
2016-03-30 12:32:08,154 [Worker-20] INFO  c.g.t.t.d.PublishedGradleVersions - Gradle version information cache file is out-of-date. Remote download required.
2016-03-30 12:32:08,198 [Worker-20] ERROR c.g.t.t.d.PublishedGradleVersions - Cannot download published Gradle versions.
java.net.UnknownHostException: services.gradle.org
	at java.net.AbstractPlainSocketImpl.connect(Unknown Source) ~[na:1.8.0_77]
	at java.net.PlainSocketImpl.connect(Unknown Source) ~[na:1.8.0_77]
	at java.net.SocksSocketImpl.connect(Unknown Source) ~[na:1.8.0_77]
	at java.net.Socket.connect(Unknown Source) ~[na:1.8.0_77]
	at sun.security.ssl.SSLSocketImpl.connect(Unknown Source) ~[na:1.8.0_77]
	at sun.security.ssl.BaseSSLSocketImpl.connect(Unknown Source) ~[na:1.8.0_77]
	at sun.net.NetworkClient.doConnect(Unknown Source) ~[na:1.8.0_77]
	at sun.net.www.http.HttpClient.openServer(Unknown Source) ~[na:1.8.0_77]
	at sun.net.www.http.HttpClient.openServer(Unknown Source) ~[na:1.8.0_77]
	at sun.net.www.protocol.https.HttpsClient.<init>(Unknown Source) ~[na:1.8.0_77]
	at sun.net.www.protocol.https.HttpsClient.New(Unknown Source) ~[na:1.8.0_77]
	at sun.net.www.protocol.https.AbstractDelegateHttpsURLConnection.getNewHttpClient(Unknown Source) ~[na:1.8.0_77]
	at sun.net.www.protocol.http.HttpURLConnection.plainConnect0(Unknown Source) ~[na:1.8.0_77]
	at sun.net.www.protocol.http.HttpURLConnection.plainConnect(Unknown Source) ~[na:1.8.0_77]
	at sun.net.www.protocol.https.AbstractDelegateHttpsURLConnection.connect(Unknown Source) ~[na:1.8.0_77]
	at sun.net.www.protocol.http.HttpURLConnection.getInputStream0(Unknown Source) ~[na:1.8.0_77]
	at sun.net.www.protocol.http.HttpURLConnection.getInputStream(Unknown Source) ~[na:1.8.0_77]
	at sun.net.www.protocol.https.HttpsURLConnectionImpl.getInputStream(Unknown Source) ~[na:1.8.0_77]
	at com.gradleware.tooling.toolingutils.distribution.PublishedGradleVersions.downloadVersionInformation(PublishedGradleVersions.java:167) [com.gradleware.tooling.utils_0.8.1.v201512100932.jar:na]
	at com.gradleware.tooling.toolingutils.distribution.PublishedGradleVersions.create(PublishedGradleVersions.java:134) [com.gradleware.tooling.utils_0.8.1.v201512100932.jar:na]
	at org.eclipse.buildship.core.util.gradle.PublishedGradleVersionsWrapper.create(PublishedGradleVersionsWrapper.java:40) [org.eclipse.buildship.core_1.0.8.v20160201-1803.jar:na]
	at org.eclipse.buildship.core.util.gradle.PublishedGradleVersionsWrapper.<init>(PublishedGradleVersionsWrapper.java:35) [org.eclipse.buildship.core_1.0.8.v20160201-1803.jar:na]
	at org.eclipse.buildship.core.CorePlugin.createPublishedGradleVersions(CorePlugin.java:167) [org.eclipse.buildship.core_1.0.8.v20160201-1803.jar:na]
	at org.eclipse.buildship.core.CorePlugin.registerServices(CorePlugin.java:140) [org.eclipse.buildship.core_1.0.8.v20160201-1803.jar:na]
	at org.eclipse.buildship.core.CorePlugin.start(CorePlugin.java:103) [org.eclipse.buildship.core_1.0.8.v20160201-1803.jar:na]
	at org.eclipse.osgi.internal.framework.BundleContextImpl$3.run(BundleContextImpl.java:771) [org.eclipse.osgi_3.10.102.v20160118-1700.jar:na]
	at org.eclipse.osgi.internal.framework.BundleContextImpl$3.run(BundleContextImpl.java:1) [org.eclipse.osgi_3.10.102.v20160118-1700.jar:na]
	at java.security.AccessController.doPrivileged(Native Method) [na:1.8.0_77]
	at org.eclipse.osgi.internal.framework.BundleContextImpl.startActivator(BundleContextImpl.java:764) [org.eclipse.osgi_3.10.102.v20160118-1700.jar:na]
	at org.eclipse.osgi.internal.framework.BundleContextImpl.start(BundleContextImpl.java:721) [org.eclipse.osgi_3.10.102.v20160118-1700.jar:na]
	at org.eclipse.osgi.internal.framework.EquinoxBundle.startWorker0(EquinoxBundle.java:941) [org.eclipse.osgi_3.10.102.v20160118-1700.jar:na]
	at org.eclipse.osgi.internal.framework.EquinoxBundle$EquinoxModule.startWorker(EquinoxBundle.java:318) [org.eclipse.osgi_3.10.102.v20160118-1700.jar:na]
	at org.eclipse.osgi.container.Module.doStart(Module.java:571) [org.eclipse.osgi_3.10.102.v20160118-1700.jar:na]
	at org.eclipse.osgi.container.Module.start(Module.java:439) [org.eclipse.osgi_3.10.102.v20160118-1700.jar:na]
	at org.eclipse.osgi.framework.util.SecureAction.start(SecureAction.java:454) [org.eclipse.osgi_3.10.102.v20160118-1700.jar:na]
	at org.eclipse.osgi.internal.hooks.EclipseLazyStarter.postFindLocalClass(EclipseLazyStarter.java:107) [org.eclipse.osgi_3.10.102.v20160118-1700.jar:na]
	at org.eclipse.osgi.internal.loader.classpath.ClasspathManager.findLocalClass(ClasspathManager.java:531) [org.eclipse.osgi_3.10.102.v20160118-1700.jar:na]
	at org.eclipse.osgi.internal.loader.ModuleClassLoader.findLocalClass(ModuleClassLoader.java:324) [org.eclipse.osgi_3.10.102.v20160118-1700.jar:na]
	at org.eclipse.osgi.internal.loader.BundleLoader.findLocalClass(BundleLoader.java:327) [org.eclipse.osgi_3.10.102.v20160118-1700.jar:na]
	at org.eclipse.osgi.internal.loader.sources.SingleSourcePackage.loadClass(SingleSourcePackage.java:36) [org.eclipse.osgi_3.10.102.v20160118-1700.jar:na]
	at org.eclipse.osgi.internal.loader.BundleLoader.findClassInternal(BundleLoader.java:398) [org.eclipse.osgi_3.10.102.v20160118-1700.jar:na]
	at org.eclipse.osgi.internal.loader.BundleLoader.findClass(BundleLoader.java:352) [org.eclipse.osgi_3.10.102.v20160118-1700.jar:na]
	at org.eclipse.osgi.internal.loader.BundleLoader.findClass(BundleLoader.java:344) [org.eclipse.osgi_3.10.102.v20160118-1700.jar:na]
	at org.eclipse.osgi.internal.loader.ModuleClassLoader.loadClass(ModuleClassLoader.java:160) [org.eclipse.osgi_3.10.102.v20160118-1700.jar:na]
	at java.lang.ClassLoader.loadClass(Unknown Source) [na:1.8.0_77]
	at java.lang.Class.getDeclaredConstructors0(Native Method) [na:1.8.0_77]
	at java.lang.Class.privateGetDeclaredConstructors(Unknown Source) [na:1.8.0_77]
	at java.lang.Class.getConstructor0(Unknown Source) [na:1.8.0_77]
	at java.lang.Class.newInstance(Unknown Source) [na:1.8.0_77]
	at org.eclipse.osgi.internal.framework.BundleContextImpl.loadBundleActivator(BundleContextImpl.java:755) [org.eclipse.osgi_3.10.102.v20160118-1700.jar:na]
	at org.eclipse.osgi.internal.framework.BundleContextImpl.start(BundleContextImpl.java:706) [org.eclipse.osgi_3.10.102.v20160118-1700.jar:na]
	at org.eclipse.osgi.internal.framework.EquinoxBundle.startWorker0(EquinoxBundle.java:941) [org.eclipse.osgi_3.10.102.v20160118-1700.jar:na]
	at org.eclipse.osgi.internal.framework.EquinoxBundle$EquinoxModule.startWorker(EquinoxBundle.java:318) [org.eclipse.osgi_3.10.102.v20160118-1700.jar:na]
	at org.eclipse.osgi.container.Module.doStart(Module.java:571) [org.eclipse.osgi_3.10.102.v20160118-1700.jar:na]
	at org.eclipse.osgi.container.Module.start(Module.java:439) [org.eclipse.osgi_3.10.102.v20160118-1700.jar:na]
	at org.eclipse.osgi.framework.util.SecureAction.start(SecureAction.java:454) [org.eclipse.osgi_3.10.102.v20160118-1700.jar:na]
	at org.eclipse.osgi.internal.hooks.EclipseLazyStarter.postFindLocalClass(EclipseLazyStarter.java:107) [org.eclipse.osgi_3.10.102.v20160118-1700.jar:na]
	at org.eclipse.osgi.internal.loader.classpath.ClasspathManager.findLocalClass(ClasspathManager.java:531) [org.eclipse.osgi_3.10.102.v20160118-1700.jar:na]
	at org.eclipse.osgi.internal.loader.ModuleClassLoader.findLocalClass(ModuleClassLoader.java:324) [org.eclipse.osgi_3.10.102.v20160118-1700.jar:na]
	at org.eclipse.osgi.internal.loader.BundleLoader.findLocalClass(BundleLoader.java:327) [org.eclipse.osgi_3.10.102.v20160118-1700.jar:na]
	at org.eclipse.osgi.internal.loader.BundleLoader.findClassInternal(BundleLoader.java:402) [org.eclipse.osgi_3.10.102.v20160118-1700.jar:na]
	at org.eclipse.osgi.internal.loader.BundleLoader.findClass(BundleLoader.java:352) [org.eclipse.osgi_3.10.102.v20160118-1700.jar:na]
	at org.eclipse.osgi.internal.loader.BundleLoader.findClass(BundleLoader.java:344) [org.eclipse.osgi_3.10.102.v20160118-1700.jar:na]
	at org.eclipse.osgi.internal.loader.ModuleClassLoader.loadClass(ModuleClassLoader.java:160) [org.eclipse.osgi_3.10.102.v20160118-1700.jar:na]
	at java.lang.ClassLoader.loadClass(Unknown Source) [na:1.8.0_77]
	at org.eclipse.osgi.internal.framework.EquinoxBundle.loadClass(EquinoxBundle.java:573) [org.eclipse.osgi_3.10.102.v20160118-1700.jar:na]
	at org.eclipse.core.internal.registry.osgi.RegistryStrategyOSGI.createExecutableExtension(RegistryStrategyOSGI.java:174) [org.eclipse.equinox.registry_3.6.0.v20150318-1503.jar:na]
	at org.eclipse.core.internal.registry.ExtensionRegistry.createExecutableExtension(ExtensionRegistry.java:905) [org.eclipse.equinox.registry_3.6.0.v20150318-1503.jar:na]
	at org.eclipse.core.internal.registry.ConfigurationElement.createExecutableExtension(ConfigurationElement.java:243) [org.eclipse.equinox.registry_3.6.0.v20150318-1503.jar:na]
	at org.eclipse.core.internal.registry.ConfigurationElementHandle.createExecutableExtension(ConfigurationElementHandle.java:55) [org.eclipse.equinox.registry_3.6.0.v20150318-1503.jar:na]
	at org.eclipse.core.internal.expressions.PropertyTesterDescriptor.instantiate(PropertyTesterDescriptor.java:96) [org.eclipse.core.expressions_3.5.0.v20150421-2214.jar:na]
	at org.eclipse.core.internal.expressions.TypeExtension.findTypeExtender(TypeExtension.java:97) [org.eclipse.core.expressions_3.5.0.v20150421-2214.jar:na]
	at org.eclipse.core.internal.expressions.TypeExtension.findTypeExtender(TypeExtension.java:130) [org.eclipse.core.expressions_3.5.0.v20150421-2214.jar:na]
	at org.eclipse.core.internal.expressions.TypeExtension.findTypeExtender(TypeExtension.java:130) [org.eclipse.core.expressions_3.5.0.v20150421-2214.jar:na]
	at org.eclipse.core.internal.expressions.TypeExtension.findTypeExtender(TypeExtension.java:130) [org.eclipse.core.expressions_3.5.0.v20150421-2214.jar:na]
	at org.eclipse.core.internal.expressions.TypeExtensionManager.getProperty(TypeExtensionManager.java:119) [org.eclipse.core.expressions_3.5.0.v20150421-2214.jar:na]
	at org.eclipse.core.internal.expressions.TestExpression.evaluate(TestExpression.java:97) [org.eclipse.core.expressions_3.5.0.v20150421-2214.jar:na]
	at org.eclipse.core.internal.expressions.CompositeExpression.evaluateAnd(CompositeExpression.java:53) [org.eclipse.core.expressions_3.5.0.v20150421-2214.jar:na]
	at org.eclipse.core.internal.expressions.WithExpression.evaluate(WithExpression.java:75) [org.eclipse.core.expressions_3.5.0.v20150421-2214.jar:na]
	at org.eclipse.core.internal.expressions.CompositeExpression.evaluateAnd(CompositeExpression.java:53) [org.eclipse.core.expressions_3.5.0.v20150421-2214.jar:na]
	at org.eclipse.core.internal.expressions.EnablementExpression.evaluate(EnablementExpression.java:55) [org.eclipse.core.expressions_3.5.0.v20150421-2214.jar:na]
	at org.eclipse.debug.internal.ui.launchConfigurations.LaunchShortcutExtension.evalEnablementExpression(LaunchShortcutExtension.java:281) [org.eclipse.debug.ui_3.11.101.v20160203-1230.jar:na]
	at org.eclipse.debug.internal.ui.contextlaunching.LaunchingResourceManager.getShortcutsForSelection(LaunchingResourceManager.java:455) [org.eclipse.debug.ui_3.11.101.v20160203-1230.jar:na]
	at org.eclipse.debug.internal.ui.contextlaunching.LaunchingResourceManager.computeLabels(LaunchingResourceManager.java:240) [org.eclipse.debug.ui_3.11.101.v20160203-1230.jar:na]
	at org.eclipse.debug.internal.ui.contextlaunching.LaunchingResourceManager$1$1.run(LaunchingResourceManager.java:142) [org.eclipse.debug.ui_3.11.101.v20160203-1230.jar:na]
	at org.eclipse.core.internal.jobs.Worker.run(Worker.java:55) [org.eclipse.core.jobs_3.7.0.v20150330-2103.jar:na]
2016-03-31 09:50:18,619 [Worker-6] INFO  c.g.t.t.d.PublishedGradleVersions - Gradle version information cache file is out-of-date. Remote download required.
2016-03-31 18:28:15,070 [Worker-15] INFO  c.g.t.t.d.PublishedGradleVersions - Gradle version information cache file is not out-of-date. No remote download required.
2016-03-31 18:43:12,781 [Worker-16] INFO  c.g.t.t.d.PublishedGradleVersions - Gradle version information cache file is not out-of-date. No remote download required.
2016-04-01 11:34:34,288 [Worker-27] INFO  c.g.t.t.d.PublishedGradleVersions - Gradle version information cache file is out-of-date. Remote download required.
2016-04-09 20:05:20,093 [main] INFO  c.g.t.t.d.PublishedGradleVersions - Gradle version information cache file is out-of-date. Remote download required.
2016-04-09 20:19:43,904 [main] INFO  c.g.t.t.d.PublishedGradleVersions - Gradle version information cache file is not out-of-date. No remote download required.
2016-04-09 20:30:23,456 [main] INFO  c.g.t.t.d.PublishedGradleVersions - Gradle version information cache file is not out-of-date. No remote download required.
2016-04-09 20:38:43,444 [Worker-10] INFO  c.g.t.t.d.PublishedGradleVersions - Gradle version information cache file is not out-of-date. No remote download required.
2016-04-10 10:14:11,785 [Worker-1] INFO  c.g.t.t.d.PublishedGradleVersions - Gradle version information cache file is not out-of-date. No remote download required.
2016-04-10 11:49:08,053 [Worker-19] INFO  c.g.t.t.d.PublishedGradleVersions - Gradle version information cache file is not out-of-date. No remote download required.
2016-04-17 22:47:00,527 [Worker-2] INFO  c.g.t.t.d.PublishedGradleVersions - Gradle version information cache file is out-of-date. Remote download required.
2016-04-19 12:14:35,996 [Worker-36] INFO  c.g.t.t.d.PublishedGradleVersions - Gradle version information cache file is out-of-date. Remote download required.
2016-04-23 23:30:47,506 [main] INFO  c.g.t.t.d.PublishedGradleVersions - Gradle version information cache file is not available. Remote download required.
2016-04-24 08:20:15,528 [Worker-22] INFO  c.g.t.t.d.PublishedGradleVersions - Gradle version information cache file is not out-of-date. No remote download required.
2016-04-24 14:49:51,456 [Worker-13] INFO  c.g.t.t.d.PublishedGradleVersions - Gradle version information cache file is not out-of-date. No remote download required.
2016-04-25 10:35:00,502 [Worker-5] INFO  c.g.t.t.d.PublishedGradleVersions - Gradle version information cache file is out-of-date. Remote download required.
2016-04-26 18:12:27,470 [Worker-7] INFO  c.g.t.t.d.PublishedGradleVersions - Gradle version information cache file is out-of-date. Remote download required.
2016-04-26 19:02:25,940 [main] INFO  c.g.t.t.d.PublishedGradleVersions - Gradle version information cache file is not out-of-date. No remote download required.
2016-04-26 19:20:31,738 [main] INFO  c.g.t.t.d.PublishedGradleVersions - Gradle version information cache file is not out-of-date. No remote download required.
2016-04-26 19:24:54,918 [main] INFO  c.g.t.t.d.PublishedGradleVersions - Gradle version information cache file is not out-of-date. No remote download required.
2016-04-27 07:12:36,493 [main] INFO  c.g.t.t.d.PublishedGradleVersions - Gradle version information cache file is not out-of-date. No remote download required.
2016-04-29 20:33:15,988 [Worker-13] INFO  c.g.t.t.d.PublishedGradleVersions - Gradle version information cache file is out-of-date. Remote download required.
2016-04-29 21:00:31,741 [Worker-14] INFO  c.g.t.t.d.PublishedGradleVersions - Gradle version information cache file is not out-of-date. No remote download required.
2016-04-30 09:05:02,535 [main] INFO  c.g.t.t.d.PublishedGradleVersions - Gradle version information cache file is not out-of-date. No remote download required.
2016-05-02 21:06:18,796 [Worker-21] INFO  c.g.t.t.d.PublishedGradleVersions - Gradle version information cache file is out-of-date. Remote download required.
2016-05-03 09:10:25,820 [main] INFO  c.g.t.t.d.PublishedGradleVersions - Gradle version information cache file is not out-of-date. No remote download required.
2016-05-12 09:59:24,323 [main] INFO  c.g.t.t.d.PublishedGradleVersions - Gradle version information cache file is out-of-date. Remote download required.
2016-05-12 09:59:39,931 [main] ERROR c.g.t.t.d.PublishedGradleVersions - Cannot download published Gradle versions.
java.io.IOException: Server returned HTTP response code: 522 for URL: https://services.gradle.org/versions/all
	at sun.net.www.protocol.http.HttpURLConnection.getInputStream0(Unknown Source) ~[na:1.8.0_91]
	at sun.net.www.protocol.http.HttpURLConnection.getInputStream(Unknown Source) ~[na:1.8.0_91]
	at sun.net.www.protocol.https.HttpsURLConnectionImpl.getInputStream(Unknown Source) ~[na:1.8.0_91]
	at com.gradleware.tooling.toolingutils.distribution.PublishedGradleVersions.downloadVersionInformation(PublishedGradleVersions.java:167) [com.gradleware.tooling.utils_0.8.1.v201512100932.jar:na]
	at com.gradleware.tooling.toolingutils.distribution.PublishedGradleVersions.create(PublishedGradleVersions.java:134) [com.gradleware.tooling.utils_0.8.1.v201512100932.jar:na]
	at org.eclipse.buildship.core.util.gradle.PublishedGradleVersionsWrapper.create(PublishedGradleVersionsWrapper.java:40) [org.eclipse.buildship.core_1.0.8.v20160201-1803.jar:na]
	at org.eclipse.buildship.core.util.gradle.PublishedGradleVersionsWrapper.<init>(PublishedGradleVersionsWrapper.java:35) [org.eclipse.buildship.core_1.0.8.v20160201-1803.jar:na]
	at org.eclipse.buildship.core.CorePlugin.createPublishedGradleVersions(CorePlugin.java:167) [org.eclipse.buildship.core_1.0.8.v20160201-1803.jar:na]
	at org.eclipse.buildship.core.CorePlugin.registerServices(CorePlugin.java:140) [org.eclipse.buildship.core_1.0.8.v20160201-1803.jar:na]
	at org.eclipse.buildship.core.CorePlugin.start(CorePlugin.java:103) [org.eclipse.buildship.core_1.0.8.v20160201-1803.jar:na]
	at org.eclipse.osgi.internal.framework.BundleContextImpl$3.run(BundleContextImpl.java:771) [org.eclipse.osgi_3.10.102.v20160118-1700.jar:na]
	at org.eclipse.osgi.internal.framework.BundleContextImpl$3.run(BundleContextImpl.java:1) [org.eclipse.osgi_3.10.102.v20160118-1700.jar:na]
	at java.security.AccessController.doPrivileged(Native Method) [na:1.8.0_91]
	at org.eclipse.osgi.internal.framework.BundleContextImpl.startActivator(BundleContextImpl.java:764) [org.eclipse.osgi_3.10.102.v20160118-1700.jar:na]
	at org.eclipse.osgi.internal.framework.BundleContextImpl.start(BundleContextImpl.java:721) [org.eclipse.osgi_3.10.102.v20160118-1700.jar:na]
	at org.eclipse.osgi.internal.framework.EquinoxBundle.startWorker0(EquinoxBundle.java:941) [org.eclipse.osgi_3.10.102.v20160118-1700.jar:na]
	at org.eclipse.osgi.internal.framework.EquinoxBundle$EquinoxModule.startWorker(EquinoxBundle.java:318) [org.eclipse.osgi_3.10.102.v20160118-1700.jar:na]
	at org.eclipse.osgi.container.Module.doStart(Module.java:571) [org.eclipse.osgi_3.10.102.v20160118-1700.jar:na]
	at org.eclipse.osgi.container.Module.start(Module.java:439) [org.eclipse.osgi_3.10.102.v20160118-1700.jar:na]
	at org.eclipse.osgi.framework.util.SecureAction.start(SecureAction.java:454) [org.eclipse.osgi_3.10.102.v20160118-1700.jar:na]
	at org.eclipse.osgi.internal.hooks.EclipseLazyStarter.postFindLocalClass(EclipseLazyStarter.java:107) [org.eclipse.osgi_3.10.102.v20160118-1700.jar:na]
	at org.eclipse.osgi.internal.loader.classpath.ClasspathManager.findLocalClass(ClasspathManager.java:531) [org.eclipse.osgi_3.10.102.v20160118-1700.jar:na]
	at org.eclipse.osgi.internal.loader.ModuleClassLoader.findLocalClass(ModuleClassLoader.java:324) [org.eclipse.osgi_3.10.102.v20160118-1700.jar:na]
	at org.eclipse.osgi.internal.loader.BundleLoader.findLocalClass(BundleLoader.java:327) [org.eclipse.osgi_3.10.102.v20160118-1700.jar:na]
	at org.eclipse.osgi.internal.loader.sources.SingleSourcePackage.loadClass(SingleSourcePackage.java:36) [org.eclipse.osgi_3.10.102.v20160118-1700.jar:na]
	at org.eclipse.osgi.internal.loader.BundleLoader.findClassInternal(BundleLoader.java:398) [org.eclipse.osgi_3.10.102.v20160118-1700.jar:na]
	at org.eclipse.osgi.internal.loader.BundleLoader.findClass(BundleLoader.java:352) [org.eclipse.osgi_3.10.102.v20160118-1700.jar:na]
	at org.eclipse.osgi.internal.loader.BundleLoader.findClass(BundleLoader.java:344) [org.eclipse.osgi_3.10.102.v20160118-1700.jar:na]
	at org.eclipse.osgi.internal.loader.ModuleClassLoader.loadClass(ModuleClassLoader.java:160) [org.eclipse.osgi_3.10.102.v20160118-1700.jar:na]
	at java.lang.ClassLoader.loadClass(Unknown Source) [na:1.8.0_91]
	at java.lang.Class.getDeclaredConstructors0(Native Method) [na:1.8.0_91]
	at java.lang.Class.privateGetDeclaredConstructors(Unknown Source) [na:1.8.0_91]
	at java.lang.Class.getConstructor0(Unknown Source) [na:1.8.0_91]
	at java.lang.Class.newInstance(Unknown Source) [na:1.8.0_91]
	at org.eclipse.osgi.internal.framework.BundleContextImpl.loadBundleActivator(BundleContextImpl.java:755) [org.eclipse.osgi_3.10.102.v20160118-1700.jar:na]
	at org.eclipse.osgi.internal.framework.BundleContextImpl.start(BundleContextImpl.java:706) [org.eclipse.osgi_3.10.102.v20160118-1700.jar:na]
	at org.eclipse.osgi.internal.framework.EquinoxBundle.startWorker0(EquinoxBundle.java:941) [org.eclipse.osgi_3.10.102.v20160118-1700.jar:na]
	at org.eclipse.osgi.internal.framework.EquinoxBundle$EquinoxModule.startWorker(EquinoxBundle.java:318) [org.eclipse.osgi_3.10.102.v20160118-1700.jar:na]
	at org.eclipse.osgi.container.Module.doStart(Module.java:571) [org.eclipse.osgi_3.10.102.v20160118-1700.jar:na]
	at org.eclipse.osgi.container.Module.start(Module.java:439) [org.eclipse.osgi_3.10.102.v20160118-1700.jar:na]
	at org.eclipse.osgi.framework.util.SecureAction.start(SecureAction.java:454) [org.eclipse.osgi_3.10.102.v20160118-1700.jar:na]
	at org.eclipse.osgi.internal.hooks.EclipseLazyStarter.postFindLocalClass(EclipseLazyStarter.java:107) [org.eclipse.osgi_3.10.102.v20160118-1700.jar:na]
	at org.eclipse.osgi.internal.loader.classpath.ClasspathManager.findLocalClass(ClasspathManager.java:531) [org.eclipse.osgi_3.10.102.v20160118-1700.jar:na]
	at org.eclipse.osgi.internal.loader.ModuleClassLoader.findLocalClass(ModuleClassLoader.java:324) [org.eclipse.osgi_3.10.102.v20160118-1700.jar:na]
	at org.eclipse.osgi.internal.loader.BundleLoader.findLocalClass(BundleLoader.java:327) [org.eclipse.osgi_3.10.102.v20160118-1700.jar:na]
	at org.eclipse.osgi.internal.loader.BundleLoader.findClassInternal(BundleLoader.java:402) [org.eclipse.osgi_3.10.102.v20160118-1700.jar:na]
	at org.eclipse.osgi.internal.loader.BundleLoader.findClass(BundleLoader.java:352) [org.eclipse.osgi_3.10.102.v20160118-1700.jar:na]
	at org.eclipse.osgi.internal.loader.BundleLoader.findClass(BundleLoader.java:344) [org.eclipse.osgi_3.10.102.v20160118-1700.jar:na]
	at org.eclipse.osgi.internal.loader.ModuleClassLoader.loadClass(ModuleClassLoader.java:160) [org.eclipse.osgi_3.10.102.v20160118-1700.jar:na]
	at java.lang.ClassLoader.loadClass(Unknown Source) [na:1.8.0_91]
	at org.eclipse.osgi.internal.framework.EquinoxBundle.loadClass(EquinoxBundle.java:573) [org.eclipse.osgi_3.10.102.v20160118-1700.jar:na]
	at org.eclipse.core.internal.registry.osgi.RegistryStrategyOSGI.createExecutableExtension(RegistryStrategyOSGI.java:174) [org.eclipse.equinox.registry_3.6.0.v20150318-1503.jar:na]
	at org.eclipse.core.internal.registry.ExtensionRegistry.createExecutableExtension(ExtensionRegistry.java:905) [org.eclipse.equinox.registry_3.6.0.v20150318-1503.jar:na]
	at org.eclipse.core.internal.registry.ConfigurationElement.createExecutableExtension(ConfigurationElement.java:243) [org.eclipse.equinox.registry_3.6.0.v20150318-1503.jar:na]
	at org.eclipse.core.internal.registry.ConfigurationElementHandle.createExecutableExtension(ConfigurationElementHandle.java:55) [org.eclipse.equinox.registry_3.6.0.v20150318-1503.jar:na]
	at org.eclipse.core.internal.expressions.PropertyTesterDescriptor.instantiate(PropertyTesterDescriptor.java:96) [org.eclipse.core.expressions_3.5.0.v20150421-2214.jar:na]
	at org.eclipse.core.internal.expressions.TypeExtension.findTypeExtender(TypeExtension.java:97) [org.eclipse.core.expressions_3.5.0.v20150421-2214.jar:na]
	at org.eclipse.core.internal.expressions.TypeExtension.findTypeExtender(TypeExtension.java:130) [org.eclipse.core.expressions_3.5.0.v20150421-2214.jar:na]
	at org.eclipse.core.internal.expressions.TypeExtension.findTypeExtender(TypeExtension.java:130) [org.eclipse.core.expressions_3.5.0.v20150421-2214.jar:na]
	at org.eclipse.core.internal.expressions.TypeExtension.findTypeExtender(TypeExtension.java:130) [org.eclipse.core.expressions_3.5.0.v20150421-2214.jar:na]
	at org.eclipse.core.internal.expressions.TypeExtensionManager.getProperty(TypeExtensionManager.java:119) [org.eclipse.core.expressions_3.5.0.v20150421-2214.jar:na]
	at org.eclipse.core.internal.expressions.TestExpression.evaluate(TestExpression.java:97) [org.eclipse.core.expressions_3.5.0.v20150421-2214.jar:na]
	at org.eclipse.core.internal.expressions.CompositeExpression.evaluateAnd(CompositeExpression.java:53) [org.eclipse.core.expressions_3.5.0.v20150421-2214.jar:na]
	at org.eclipse.core.internal.expressions.WithExpression.evaluate(WithExpression.java:75) [org.eclipse.core.expressions_3.5.0.v20150421-2214.jar:na]
	at org.eclipse.core.internal.expressions.CompositeExpression.evaluateAnd(CompositeExpression.java:53) [org.eclipse.core.expressions_3.5.0.v20150421-2214.jar:na]
	at org.eclipse.core.internal.expressions.EnablementExpression.evaluate(EnablementExpression.java:55) [org.eclipse.core.expressions_3.5.0.v20150421-2214.jar:na]
	at org.eclipse.debug.internal.ui.launchConfigurations.LaunchShortcutExtension.evalEnablementExpression(LaunchShortcutExtension.java:281) [org.eclipse.debug.ui_3.11.101.v20160203-1230.jar:na]
	at org.eclipse.debug.internal.ui.contextlaunching.LaunchingResourceManager.getShortcutsForSelection(LaunchingResourceManager.java:455) [org.eclipse.debug.ui_3.11.101.v20160203-1230.jar:na]
	at org.eclipse.debug.internal.ui.contextlaunching.ContextRunner.selectAndLaunch(ContextRunner.java:115) [org.eclipse.debug.ui_3.11.101.v20160203-1230.jar:na]
	at org.eclipse.debug.internal.ui.contextlaunching.ContextRunner.launch(ContextRunner.java:81) [org.eclipse.debug.ui_3.11.101.v20160203-1230.jar:na]
	at org.eclipse.debug.ui.actions.AbstractLaunchToolbarAction.run(AbstractLaunchToolbarAction.java:82) [org.eclipse.debug.ui_3.11.101.v20160203-1230.jar:na]
	at org.eclipse.debug.ui.actions.AbstractLaunchHistoryAction.runWithEvent(AbstractLaunchHistoryAction.java:420) [org.eclipse.debug.ui_3.11.101.v20160203-1230.jar:na]
	at org.eclipse.ui.internal.PluginAction.runWithEvent(PluginAction.java:237) [org.eclipse.ui.workbench_3.107.1.v20160120-2131.jar:na]
	at org.eclipse.ui.internal.WWinPluginAction.runWithEvent(WWinPluginAction.java:228) [org.eclipse.ui.workbench_3.107.1.v20160120-2131.jar:na]
	at org.eclipse.jface.action.ActionContributionItem.handleWidgetSelection(ActionContributionItem.java:595) [org.eclipse.jface_3.11.1.v20160128-1644.jar:na]
	at org.eclipse.jface.action.ActionContributionItem.access$2(ActionContributionItem.java:511) [org.eclipse.jface_3.11.1.v20160128-1644.jar:na]
	at org.eclipse.jface.action.ActionContributionItem$6.handleEvent(ActionContributionItem.java:462) [org.eclipse.jface_3.11.1.v20160128-1644.jar:na]
	at org.eclipse.swt.widgets.EventTable.sendEvent(EventTable.java:84) [org.eclipse.swt.win32.win32.x86_64_3.104.2.v20160212-1350.jar:na]
	at org.eclipse.swt.widgets.Display.sendEvent(Display.java:4362) [org.eclipse.swt.win32.win32.x86_64_3.104.2.v20160212-1350.jar:na]
	at org.eclipse.swt.widgets.Widget.sendEvent(Widget.java:1113) [org.eclipse.swt.win32.win32.x86_64_3.104.2.v20160212-1350.jar:na]
	at org.eclipse.swt.widgets.Display.runDeferredEvents(Display.java:4180) [org.eclipse.swt.win32.win32.x86_64_3.104.2.v20160212-1350.jar:na]
	at org.eclipse.swt.widgets.Display.readAndDispatch(Display.java:3769) [org.eclipse.swt.win32.win32.x86_64_3.104.2.v20160212-1350.jar:na]
	at org.eclipse.e4.ui.internal.workbench.swt.PartRenderingEngine$4.run(PartRenderingEngine.java:1127) [org.eclipse.e4.ui.workbench.swt_0.13.0.v20150504-0621.jar:na]
	at org.eclipse.core.databinding.observable.Realm.runWithDefault(Realm.java:337) [org.eclipse.core.databinding.observable_1.5.0.v20150422-0725.jar:na]
	at org.eclipse.e4.ui.internal.workbench.swt.PartRenderingEngine.run(PartRenderingEngine.java:1018) [org.eclipse.e4.ui.workbench.swt_0.13.0.v20150504-0621.jar:na]
	at org.eclipse.e4.ui.internal.workbench.E4Workbench.createAndRunUI(E4Workbench.java:156) [org.eclipse.e4.ui.workbench_1.3.1.v20160203-0951.jar:na]
	at org.eclipse.ui.internal.Workbench$5.run(Workbench.java:694) [org.eclipse.ui.workbench_3.107.1.v20160120-2131.jar:na]
	at org.eclipse.core.databinding.observable.Realm.runWithDefault(Realm.java:337) [org.eclipse.core.databinding.observable_1.5.0.v20150422-0725.jar:na]
	at org.eclipse.ui.internal.Workbench.createAndRunWorkbench(Workbench.java:606) [org.eclipse.ui.workbench_3.107.1.v20160120-2131.jar:na]
	at org.eclipse.ui.PlatformUI.createAndRunWorkbench(PlatformUI.java:150) [org.eclipse.ui.workbench_3.107.1.v20160120-2131.jar:na]
	at org.eclipse.ui.internal.ide.application.IDEApplication.start(IDEApplication.java:139) [org.eclipse.ui.ide.application_1.1.0.v20150422-0725.jar:na]
	at org.eclipse.equinox.internal.app.EclipseAppHandle.run(EclipseAppHandle.java:196) [org.eclipse.equinox.app_1.3.300.v20150423-1356.jar:na]
	at org.eclipse.core.runtime.internal.adaptor.EclipseAppLauncher.runApplication(EclipseAppLauncher.java:134) [org.eclipse.osgi_3.10.102.v20160118-1700.jar:na]
	at org.eclipse.core.runtime.internal.adaptor.EclipseAppLauncher.start(EclipseAppLauncher.java:104) [org.eclipse.osgi_3.10.102.v20160118-1700.jar:na]
	at org.eclipse.core.runtime.adaptor.EclipseStarter.run(EclipseStarter.java:380) [org.eclipse.osgi_3.10.102.v20160118-1700.jar:na]
	at org.eclipse.core.runtime.adaptor.EclipseStarter.run(EclipseStarter.java:235) [org.eclipse.osgi_3.10.102.v20160118-1700.jar:na]
	at sun.reflect.NativeMethodAccessorImpl.invoke0(Native Method) ~[na:1.8.0_91]
	at sun.reflect.NativeMethodAccessorImpl.invoke(Unknown Source) ~[na:1.8.0_91]
	at sun.reflect.DelegatingMethodAccessorImpl.invoke(Unknown Source) ~[na:1.8.0_91]
	at java.lang.reflect.Method.invoke(Unknown Source) ~[na:1.8.0_91]
	at org.eclipse.equinox.launcher.Main.invokeFramework(Main.java:669) [org.eclipse.equinox.launcher_1.3.100.v20150511-1540.jar:na]
	at org.eclipse.equinox.launcher.Main.basicRun(Main.java:608) [org.eclipse.equinox.launcher_1.3.100.v20150511-1540.jar:na]
	at org.eclipse.equinox.launcher.Main.run(Main.java:1515) [org.eclipse.equinox.launcher_1.3.100.v20150511-1540.jar:na]
2016-05-15 10:06:31,447 [Worker-34] INFO  c.g.t.t.d.PublishedGradleVersions - Gradle version information cache file is out-of-date. Remote download required.
2016-05-15 12:33:32,579 [main] INFO  c.g.t.t.d.PublishedGradleVersions - Gradle version information cache file is not out-of-date. No remote download required.
2016-05-15 12:44:48,975 [main] INFO  c.g.t.t.d.PublishedGradleVersions - Gradle version information cache file is not out-of-date. No remote download required.
2016-05-16 09:42:22,288 [main] INFO  c.g.t.t.d.PublishedGradleVersions - Gradle version information cache file is not out-of-date. No remote download required.
2016-05-17 09:05:40,062 [Worker-16] INFO  c.g.t.t.d.PublishedGradleVersions - Gradle version information cache file is out-of-date. Remote download required.
2016-05-17 10:51:45,826 [main] INFO  c.g.t.t.d.PublishedGradleVersions - Gradle version information cache file is not out-of-date. No remote download required.
2016-05-17 20:15:54,126 [main] INFO  c.g.t.t.d.PublishedGradleVersions - Gradle version information cache file is not out-of-date. No remote download required.
